[2025-08-24T11:14:40.313+0000] {taskinstance.py:1159} INFO - Dependencies all met for dep_context=non-requeueable deps ti=<TaskInstance: pipeline_scheduler.run_pipeline_script scheduled__2025-08-23T00:00:00+00:00 [queued]>
[2025-08-24T11:14:40.324+0000] {taskinstance.py:1159} INFO - Dependencies all met for dep_context=requeueable deps ti=<TaskInstance: pipeline_scheduler.run_pipeline_script scheduled__2025-08-23T00:00:00+00:00 [queued]>
[2025-08-24T11:14:40.324+0000] {taskinstance.py:1361} INFO - Starting attempt 1 of 2
[2025-08-24T11:14:40.333+0000] {taskinstance.py:1382} INFO - Executing <Task(BashOperator): run_pipeline_script> on 2025-08-23 00:00:00+00:00
[2025-08-24T11:14:40.337+0000] {standard_task_runner.py:57} INFO - Started process 45 to run task
[2025-08-24T11:14:40.341+0000] {standard_task_runner.py:84} INFO - Running: ['***', 'tasks', 'run', 'pipeline_scheduler', 'run_pipeline_script', 'scheduled__2025-08-23T00:00:00+00:00', '--job-id', '137', '--raw', '--subdir', 'DAGS_FOLDER/scripts/pipeline_dag.py', '--cfg-path', '/tmp/tmpfkrdfydl']
[2025-08-24T11:14:40.342+0000] {standard_task_runner.py:85} INFO - Job 137: Subtask run_pipeline_script
[2025-08-24T11:14:40.385+0000] {task_command.py:416} INFO - Running <TaskInstance: pipeline_scheduler.run_pipeline_script scheduled__2025-08-23T00:00:00+00:00 [running]> on host 88d490cfafa3
[2025-08-24T11:14:40.448+0000] {taskinstance.py:1662} INFO - Exporting env vars: AIRFLOW_CTX_DAG_OWNER='oussama' AIRFLOW_CTX_DAG_ID='pipeline_scheduler' AIRFLOW_CTX_TASK_ID='run_pipeline_script' AIRFLOW_CTX_EXECUTION_DATE='2025-08-23T00:00:00+00:00' AIRFLOW_CTX_TRY_NUMBER='1' AIRFLOW_CTX_DAG_RUN_ID='scheduled__2025-08-23T00:00:00+00:00'
[2025-08-24T11:14:40.469+0000] {subprocess.py:63} INFO - Tmp dir root location: /tmp
[2025-08-24T11:14:40.469+0000] {subprocess.py:75} INFO - Running command: ['/bin/bash', '-c', 'bash /opt/***/dags/scripts/pipeline.sh ']
[2025-08-24T11:14:40.483+0000] {subprocess.py:86} INFO - Output:
[2025-08-24T11:14:40.495+0000] {subprocess.py:93} INFO - ==> 1) Checking dataset exists: ./data/input/sales.csv
[2025-08-24T11:14:40.495+0000] {subprocess.py:93} INFO - ERROR: ./data/input/sales.csv not found.
[2025-08-24T11:14:40.495+0000] {subprocess.py:97} INFO - Command exited with return code 1
[2025-08-24T11:14:40.506+0000] {taskinstance.py:1937} ERROR - Task failed with exception
Traceback (most recent call last):
  File "/home/airflow/.local/lib/python3.8/site-packages/airflow/operators/bash.py", line 210, in execute
    raise AirflowException(
airflow.exceptions.AirflowException: Bash command failed. The command returned a non-zero exit code 1.
[2025-08-24T11:14:40.533+0000] {taskinstance.py:1400} INFO - Marking task as UP_FOR_RETRY. dag_id=pipeline_scheduler, task_id=run_pipeline_script, execution_date=20250823T000000, start_date=20250824T111440, end_date=20250824T111440
[2025-08-24T11:14:40.592+0000] {standard_task_runner.py:104} ERROR - Failed to execute job 137 for task run_pipeline_script (Bash command failed. The command returned a non-zero exit code 1.; 45)
[2025-08-24T11:14:40.633+0000] {local_task_job_runner.py:228} INFO - Task exited with return code 1
[2025-08-24T11:14:40.658+0000] {taskinstance.py:2778} INFO - 0 downstream tasks scheduled from follow-on schedule check
[2025-08-24T12:22:34.124+0000] {taskinstance.py:1159} INFO - Dependencies all met for dep_context=non-requeueable deps ti=<TaskInstance: pipeline_scheduler.run_pipeline_script scheduled__2025-08-23T00:00:00+00:00 [queued]>
[2025-08-24T12:22:34.140+0000] {taskinstance.py:1159} INFO - Dependencies all met for dep_context=requeueable deps ti=<TaskInstance: pipeline_scheduler.run_pipeline_script scheduled__2025-08-23T00:00:00+00:00 [queued]>
[2025-08-24T12:22:34.140+0000] {taskinstance.py:1361} INFO - Starting attempt 1 of 2
[2025-08-24T12:22:34.148+0000] {taskinstance.py:1382} INFO - Executing <Task(BashOperator): run_pipeline_script> on 2025-08-23 00:00:00+00:00
[2025-08-24T12:22:34.154+0000] {standard_task_runner.py:57} INFO - Started process 117 to run task
[2025-08-24T12:22:34.159+0000] {standard_task_runner.py:84} INFO - Running: ['***', 'tasks', 'run', 'pipeline_scheduler', 'run_pipeline_script', 'scheduled__2025-08-23T00:00:00+00:00', '--job-id', '165', '--raw', '--subdir', 'DAGS_FOLDER/pipeline_dag.py', '--cfg-path', '/tmp/tmpux8g1nv4']
[2025-08-24T12:22:34.160+0000] {standard_task_runner.py:85} INFO - Job 165: Subtask run_pipeline_script
[2025-08-24T12:22:34.204+0000] {task_command.py:416} INFO - Running <TaskInstance: pipeline_scheduler.run_pipeline_script scheduled__2025-08-23T00:00:00+00:00 [running]> on host 88d490cfafa3
[2025-08-24T12:22:34.262+0000] {taskinstance.py:1662} INFO - Exporting env vars: AIRFLOW_CTX_DAG_OWNER='oussama' AIRFLOW_CTX_DAG_ID='pipeline_scheduler' AIRFLOW_CTX_TASK_ID='run_pipeline_script' AIRFLOW_CTX_EXECUTION_DATE='2025-08-23T00:00:00+00:00' AIRFLOW_CTX_TRY_NUMBER='1' AIRFLOW_CTX_DAG_RUN_ID='scheduled__2025-08-23T00:00:00+00:00'
[2025-08-24T12:22:34.269+0000] {subprocess.py:63} INFO - Tmp dir root location: /tmp
[2025-08-24T12:22:34.271+0000] {subprocess.py:75} INFO - Running command: ['/bin/bash', '-c', 'bash /workspaces/EcomPipiline/dags/scripts/pipeline.sh ']
[2025-08-24T12:22:34.284+0000] {subprocess.py:86} INFO - Output:
[2025-08-24T12:22:34.331+0000] {subprocess.py:93} INFO - bash: /workspaces/EcomPipiline/dags/scripts/pipeline.sh: No such file or directory
[2025-08-24T12:22:34.331+0000] {subprocess.py:97} INFO - Command exited with return code 127
[2025-08-24T12:22:34.343+0000] {taskinstance.py:1937} ERROR - Task failed with exception
Traceback (most recent call last):
  File "/home/airflow/.local/lib/python3.8/site-packages/airflow/operators/bash.py", line 210, in execute
    raise AirflowException(
airflow.exceptions.AirflowException: Bash command failed. The command returned a non-zero exit code 127.
[2025-08-24T12:22:34.347+0000] {taskinstance.py:1400} INFO - Marking task as UP_FOR_RETRY. dag_id=pipeline_scheduler, task_id=run_pipeline_script, execution_date=20250823T000000, start_date=20250824T122234, end_date=20250824T122234
[2025-08-24T12:22:34.357+0000] {standard_task_runner.py:104} ERROR - Failed to execute job 165 for task run_pipeline_script (Bash command failed. The command returned a non-zero exit code 127.; 117)
[2025-08-24T12:22:34.370+0000] {local_task_job_runner.py:228} INFO - Task exited with return code 1
[2025-08-24T12:22:34.385+0000] {taskinstance.py:2778} INFO - 0 downstream tasks scheduled from follow-on schedule check
[2025-08-24T12:45:57.702+0000] {taskinstance.py:1159} INFO - Dependencies all met for dep_context=non-requeueable deps ti=<TaskInstance: pipeline_scheduler.run_pipeline_script scheduled__2025-08-23T00:00:00+00:00 [queued]>
[2025-08-24T12:45:57.717+0000] {taskinstance.py:1159} INFO - Dependencies all met for dep_context=requeueable deps ti=<TaskInstance: pipeline_scheduler.run_pipeline_script scheduled__2025-08-23T00:00:00+00:00 [queued]>
[2025-08-24T12:45:57.717+0000] {taskinstance.py:1361} INFO - Starting attempt 1 of 2
[2025-08-24T12:45:57.725+0000] {taskinstance.py:1382} INFO - Executing <Task(BashOperator): run_pipeline_script> on 2025-08-23 00:00:00+00:00
[2025-08-24T12:45:57.730+0000] {standard_task_runner.py:57} INFO - Started process 141 to run task
[2025-08-24T12:45:57.733+0000] {standard_task_runner.py:84} INFO - Running: ['***', 'tasks', 'run', 'pipeline_scheduler', 'run_pipeline_script', 'scheduled__2025-08-23T00:00:00+00:00', '--job-id', '175', '--raw', '--subdir', 'DAGS_FOLDER/pipeline_dag.py', '--cfg-path', '/tmp/tmp2ureu0cm']
[2025-08-24T12:45:57.734+0000] {standard_task_runner.py:85} INFO - Job 175: Subtask run_pipeline_script
[2025-08-24T12:45:57.779+0000] {task_command.py:416} INFO - Running <TaskInstance: pipeline_scheduler.run_pipeline_script scheduled__2025-08-23T00:00:00+00:00 [running]> on host 88d490cfafa3
[2025-08-24T12:45:57.839+0000] {taskinstance.py:1662} INFO - Exporting env vars: AIRFLOW_CTX_DAG_OWNER='oussama' AIRFLOW_CTX_DAG_ID='pipeline_scheduler' AIRFLOW_CTX_TASK_ID='run_pipeline_script' AIRFLOW_CTX_EXECUTION_DATE='2025-08-23T00:00:00+00:00' AIRFLOW_CTX_TRY_NUMBER='1' AIRFLOW_CTX_DAG_RUN_ID='scheduled__2025-08-23T00:00:00+00:00'
[2025-08-24T12:45:57.845+0000] {subprocess.py:63} INFO - Tmp dir root location: /tmp
[2025-08-24T12:45:57.847+0000] {subprocess.py:75} INFO - Running command: ['/bin/bash', '-c', 'bash /workspaces/EcomPipiline/dags/scripts/pipeline.sh ']
[2025-08-24T12:45:57.859+0000] {subprocess.py:86} INFO - Output:
[2025-08-24T12:45:57.867+0000] {subprocess.py:93} INFO - bash: /workspaces/EcomPipiline/dags/scripts/pipeline.sh: No such file or directory
[2025-08-24T12:45:57.868+0000] {subprocess.py:97} INFO - Command exited with return code 127
[2025-08-24T12:45:57.878+0000] {taskinstance.py:1937} ERROR - Task failed with exception
Traceback (most recent call last):
  File "/home/airflow/.local/lib/python3.8/site-packages/airflow/operators/bash.py", line 210, in execute
    raise AirflowException(
airflow.exceptions.AirflowException: Bash command failed. The command returned a non-zero exit code 127.
[2025-08-24T12:45:57.882+0000] {taskinstance.py:1400} INFO - Marking task as UP_FOR_RETRY. dag_id=pipeline_scheduler, task_id=run_pipeline_script, execution_date=20250823T000000, start_date=20250824T124557, end_date=20250824T124557
[2025-08-24T12:45:57.890+0000] {standard_task_runner.py:104} ERROR - Failed to execute job 175 for task run_pipeline_script (Bash command failed. The command returned a non-zero exit code 127.; 141)
[2025-08-24T12:45:57.906+0000] {local_task_job_runner.py:228} INFO - Task exited with return code 1
[2025-08-24T12:45:57.920+0000] {taskinstance.py:2778} INFO - 0 downstream tasks scheduled from follow-on schedule check
[2025-08-24T13:29:06.280+0000] {taskinstance.py:1159} INFO - Dependencies all met for dep_context=non-requeueable deps ti=<TaskInstance: pipeline_scheduler.run_pipeline_script scheduled__2025-08-23T00:00:00+00:00 [queued]>
[2025-08-24T13:29:06.288+0000] {taskinstance.py:1159} INFO - Dependencies all met for dep_context=requeueable deps ti=<TaskInstance: pipeline_scheduler.run_pipeline_script scheduled__2025-08-23T00:00:00+00:00 [queued]>
[2025-08-24T13:29:06.288+0000] {taskinstance.py:1361} INFO - Starting attempt 1 of 2
[2025-08-24T13:29:06.300+0000] {taskinstance.py:1382} INFO - Executing <Task(BashOperator): run_pipeline_script> on 2025-08-23 00:00:00+00:00
[2025-08-24T13:29:06.305+0000] {standard_task_runner.py:57} INFO - Started process 152 to run task
[2025-08-24T13:29:06.310+0000] {standard_task_runner.py:84} INFO - Running: ['***', 'tasks', 'run', 'pipeline_scheduler', 'run_pipeline_script', 'scheduled__2025-08-23T00:00:00+00:00', '--job-id', '179', '--raw', '--subdir', 'DAGS_FOLDER/pipeline_dag.py', '--cfg-path', '/tmp/tmp6701h3a1']
[2025-08-24T13:29:06.311+0000] {standard_task_runner.py:85} INFO - Job 179: Subtask run_pipeline_script
[2025-08-24T13:29:06.367+0000] {task_command.py:416} INFO - Running <TaskInstance: pipeline_scheduler.run_pipeline_script scheduled__2025-08-23T00:00:00+00:00 [running]> on host 88d490cfafa3
[2025-08-24T13:29:06.425+0000] {taskinstance.py:1662} INFO - Exporting env vars: AIRFLOW_CTX_DAG_OWNER='oussama' AIRFLOW_CTX_DAG_ID='pipeline_scheduler' AIRFLOW_CTX_TASK_ID='run_pipeline_script' AIRFLOW_CTX_EXECUTION_DATE='2025-08-23T00:00:00+00:00' AIRFLOW_CTX_TRY_NUMBER='1' AIRFLOW_CTX_DAG_RUN_ID='scheduled__2025-08-23T00:00:00+00:00'
[2025-08-24T13:29:06.451+0000] {subprocess.py:63} INFO - Tmp dir root location: /tmp
[2025-08-24T13:29:06.452+0000] {subprocess.py:75} INFO - Running command: ['/bin/bash', '-c', 'bash /workspaces/EcomPipiline/dags/scripts/pipeline.sh ']
[2025-08-24T13:29:06.465+0000] {subprocess.py:86} INFO - Output:
[2025-08-24T13:29:06.508+0000] {subprocess.py:93} INFO - bash: /workspaces/EcomPipiline/dags/scripts/pipeline.sh: No such file or directory
[2025-08-24T13:29:06.509+0000] {subprocess.py:97} INFO - Command exited with return code 127
[2025-08-24T13:29:06.519+0000] {taskinstance.py:1937} ERROR - Task failed with exception
Traceback (most recent call last):
  File "/home/airflow/.local/lib/python3.8/site-packages/airflow/operators/bash.py", line 210, in execute
    raise AirflowException(
airflow.exceptions.AirflowException: Bash command failed. The command returned a non-zero exit code 127.
[2025-08-24T13:29:06.524+0000] {taskinstance.py:1400} INFO - Marking task as UP_FOR_RETRY. dag_id=pipeline_scheduler, task_id=run_pipeline_script, execution_date=20250823T000000, start_date=20250824T132906, end_date=20250824T132906
[2025-08-24T13:29:06.532+0000] {standard_task_runner.py:104} ERROR - Failed to execute job 179 for task run_pipeline_script (Bash command failed. The command returned a non-zero exit code 127.; 152)
[2025-08-24T13:29:06.564+0000] {local_task_job_runner.py:228} INFO - Task exited with return code 1
[2025-08-24T13:29:06.579+0000] {taskinstance.py:2778} INFO - 0 downstream tasks scheduled from follow-on schedule check
