[2025-08-24T11:19:42.984+0000] {taskinstance.py:1159} INFO - Dependencies all met for dep_context=non-requeueable deps ti=<TaskInstance: pipeline_scheduler.run_pipeline_script manual__2025-08-24T11:14:40.880957+00:00 [queued]>
[2025-08-24T11:19:42.993+0000] {taskinstance.py:1159} INFO - Dependencies all met for dep_context=requeueable deps ti=<TaskInstance: pipeline_scheduler.run_pipeline_script manual__2025-08-24T11:14:40.880957+00:00 [queued]>
[2025-08-24T11:19:42.994+0000] {taskinstance.py:1361} INFO - Starting attempt 2 of 2
[2025-08-24T11:19:43.006+0000] {taskinstance.py:1382} INFO - Executing <Task(BashOperator): run_pipeline_script> on 2025-08-24 11:14:40.880957+00:00
[2025-08-24T11:19:43.013+0000] {standard_task_runner.py:57} INFO - Started process 57 to run task
[2025-08-24T11:19:43.019+0000] {standard_task_runner.py:84} INFO - Running: ['***', 'tasks', 'run', 'pipeline_scheduler', 'run_pipeline_script', 'manual__2025-08-24T11:14:40.880957+00:00', '--job-id', '141', '--raw', '--subdir', 'DAGS_FOLDER/scripts/pipeline_dag.py', '--cfg-path', '/tmp/tmpwyqhkhtv']
[2025-08-24T11:19:43.020+0000] {standard_task_runner.py:85} INFO - Job 141: Subtask run_pipeline_script
[2025-08-24T11:19:43.089+0000] {task_command.py:416} INFO - Running <TaskInstance: pipeline_scheduler.run_pipeline_script manual__2025-08-24T11:14:40.880957+00:00 [running]> on host 88d490cfafa3
[2025-08-24T11:19:43.173+0000] {taskinstance.py:1662} INFO - Exporting env vars: AIRFLOW_CTX_DAG_OWNER='oussama' AIRFLOW_CTX_DAG_ID='pipeline_scheduler' AIRFLOW_CTX_TASK_ID='run_pipeline_script' AIRFLOW_CTX_EXECUTION_DATE='2025-08-24T11:14:40.880957+00:00' AIRFLOW_CTX_TRY_NUMBER='2' AIRFLOW_CTX_DAG_RUN_ID='manual__2025-08-24T11:14:40.880957+00:00'
[2025-08-24T11:19:43.174+0000] {subprocess.py:63} INFO - Tmp dir root location: /tmp
[2025-08-24T11:19:43.175+0000] {subprocess.py:75} INFO - Running command: ['/bin/bash', '-c', 'bash /opt/***/dags/scripts/pipeline.sh ']
[2025-08-24T11:19:43.184+0000] {subprocess.py:86} INFO - Output:
[2025-08-24T11:19:43.187+0000] {subprocess.py:93} INFO - ==> 1) Checking dataset exists: ./data/input/sales.csv
[2025-08-24T11:19:43.187+0000] {subprocess.py:93} INFO - ERROR: ./data/input/sales.csv not found.
[2025-08-24T11:19:43.187+0000] {subprocess.py:97} INFO - Command exited with return code 1
[2025-08-24T11:19:43.201+0000] {taskinstance.py:1937} ERROR - Task failed with exception
Traceback (most recent call last):
  File "/home/airflow/.local/lib/python3.8/site-packages/airflow/operators/bash.py", line 210, in execute
    raise AirflowException(
airflow.exceptions.AirflowException: Bash command failed. The command returned a non-zero exit code 1.
[2025-08-24T11:19:43.203+0000] {taskinstance.py:1400} INFO - Marking task as FAILED. dag_id=pipeline_scheduler, task_id=run_pipeline_script, execution_date=20250824T111440, start_date=20250824T111942, end_date=20250824T111943
[2025-08-24T11:19:43.212+0000] {standard_task_runner.py:104} ERROR - Failed to execute job 141 for task run_pipeline_script (Bash command failed. The command returned a non-zero exit code 1.; 57)
[2025-08-24T11:19:43.233+0000] {local_task_job_runner.py:228} INFO - Task exited with return code 1
[2025-08-24T11:19:43.247+0000] {taskinstance.py:2778} INFO - 0 downstream tasks scheduled from follow-on schedule check
