[2025-08-25T00:52:56.581+0000] {taskinstance.py:1159} INFO - Dependencies all met for dep_context=non-requeueable deps ti=<TaskInstance: daily_pipeline.run_pipeline manual__2025-08-25T00:52:55.244441+00:00 [queued]>
[2025-08-25T00:52:56.600+0000] {taskinstance.py:1159} INFO - Dependencies all met for dep_context=requeueable deps ti=<TaskInstance: daily_pipeline.run_pipeline manual__2025-08-25T00:52:55.244441+00:00 [queued]>
[2025-08-25T00:52:56.600+0000] {taskinstance.py:1361} INFO - Starting attempt 1 of 2
[2025-08-25T00:52:56.616+0000] {taskinstance.py:1382} INFO - Executing <Task(BashOperator): run_pipeline> on 2025-08-25 00:52:55.244441+00:00
[2025-08-25T00:52:56.624+0000] {standard_task_runner.py:57} INFO - Started process 217 to run task
[2025-08-25T00:52:56.631+0000] {standard_task_runner.py:84} INFO - Running: ['***', 'tasks', 'run', 'daily_pipeline', 'run_pipeline', 'manual__2025-08-25T00:52:55.244441+00:00', '--job-id', '261', '--raw', '--subdir', 'DAGS_FOLDER/daily_pipeline_dag.py', '--cfg-path', '/tmp/tmpo7p3r00u']
[2025-08-25T00:52:56.632+0000] {standard_task_runner.py:85} INFO - Job 261: Subtask run_pipeline
[2025-08-25T00:52:56.684+0000] {task_command.py:416} INFO - Running <TaskInstance: daily_pipeline.run_pipeline manual__2025-08-25T00:52:55.244441+00:00 [running]> on host 88d490cfafa3
[2025-08-25T00:52:56.826+0000] {taskinstance.py:1662} INFO - Exporting env vars: AIRFLOW_CTX_DAG_OWNER='ecommerce' AIRFLOW_CTX_DAG_ID='daily_pipeline' AIRFLOW_CTX_TASK_ID='run_pipeline' AIRFLOW_CTX_EXECUTION_DATE='2025-08-25T00:52:55.244441+00:00' AIRFLOW_CTX_TRY_NUMBER='1' AIRFLOW_CTX_DAG_RUN_ID='manual__2025-08-25T00:52:55.244441+00:00'
[2025-08-25T00:52:56.828+0000] {subprocess.py:63} INFO - Tmp dir root location: /tmp
[2025-08-25T00:52:56.828+0000] {subprocess.py:75} INFO - Running command: ['/bin/bash', '-c', '\n    cd /opt/***\n    chmod +x ./dags/scripts/pipeline.sh\n    ./dags/scripts/pipeline.sh\n    ']
[2025-08-25T00:52:56.843+0000] {subprocess.py:86} INFO - Output:
[2025-08-25T00:52:56.981+0000] {subprocess.py:93} INFO - ==> 1) Checking dataset exists: ./data/input/sales.csv
[2025-08-25T00:52:56.982+0000] {subprocess.py:93} INFO - ERROR: ./data/input/sales.csv not found.
[2025-08-25T00:52:56.982+0000] {subprocess.py:97} INFO - Command exited with return code 1
[2025-08-25T00:52:56.992+0000] {taskinstance.py:1937} ERROR - Task failed with exception
Traceback (most recent call last):
  File "/home/airflow/.local/lib/python3.8/site-packages/airflow/operators/bash.py", line 210, in execute
    raise AirflowException(
airflow.exceptions.AirflowException: Bash command failed. The command returned a non-zero exit code 1.
[2025-08-25T00:52:56.996+0000] {taskinstance.py:1400} INFO - Marking task as UP_FOR_RETRY. dag_id=daily_pipeline, task_id=run_pipeline, execution_date=20250825T005255, start_date=20250825T005256, end_date=20250825T005256
[2025-08-25T00:52:57.013+0000] {standard_task_runner.py:104} ERROR - Failed to execute job 261 for task run_pipeline (Bash command failed. The command returned a non-zero exit code 1.; 217)
[2025-08-25T00:52:57.050+0000] {local_task_job_runner.py:228} INFO - Task exited with return code 1
[2025-08-25T00:52:57.068+0000] {taskinstance.py:2778} INFO - 0 downstream tasks scheduled from follow-on schedule check
