[2025-08-24T12:27:47.070+0000] {taskinstance.py:1159} INFO - Dependencies all met for dep_context=non-requeueable deps ti=<TaskInstance: pipeline_scheduler.run_pipeline_script manual__2025-08-24T12:22:44.822379+00:00 [queued]>
[2025-08-24T12:27:47.077+0000] {taskinstance.py:1159} INFO - Dependencies all met for dep_context=requeueable deps ti=<TaskInstance: pipeline_scheduler.run_pipeline_script manual__2025-08-24T12:22:44.822379+00:00 [queued]>
[2025-08-24T12:27:47.077+0000] {taskinstance.py:1361} INFO - Starting attempt 2 of 2
[2025-08-24T12:27:47.086+0000] {taskinstance.py:1382} INFO - Executing <Task(BashOperator): run_pipeline_script> on 2025-08-24 12:22:44.822379+00:00
[2025-08-24T12:27:47.091+0000] {standard_task_runner.py:57} INFO - Started process 126 to run task
[2025-08-24T12:27:47.095+0000] {standard_task_runner.py:84} INFO - Running: ['***', 'tasks', 'run', 'pipeline_scheduler', 'run_pipeline_script', 'manual__2025-08-24T12:22:44.822379+00:00', '--job-id', '168', '--raw', '--subdir', 'DAGS_FOLDER/pipeline_dag.py', '--cfg-path', '/tmp/tmp9he2e2eb']
[2025-08-24T12:27:47.096+0000] {standard_task_runner.py:85} INFO - Job 168: Subtask run_pipeline_script
[2025-08-24T12:27:47.137+0000] {task_command.py:416} INFO - Running <TaskInstance: pipeline_scheduler.run_pipeline_script manual__2025-08-24T12:22:44.822379+00:00 [running]> on host 88d490cfafa3
[2025-08-24T12:27:47.197+0000] {taskinstance.py:1662} INFO - Exporting env vars: AIRFLOW_CTX_DAG_OWNER='oussama' AIRFLOW_CTX_DAG_ID='pipeline_scheduler' AIRFLOW_CTX_TASK_ID='run_pipeline_script' AIRFLOW_CTX_EXECUTION_DATE='2025-08-24T12:22:44.822379+00:00' AIRFLOW_CTX_TRY_NUMBER='2' AIRFLOW_CTX_DAG_RUN_ID='manual__2025-08-24T12:22:44.822379+00:00'
[2025-08-24T12:27:47.199+0000] {subprocess.py:63} INFO - Tmp dir root location: /tmp
[2025-08-24T12:27:47.199+0000] {subprocess.py:75} INFO - Running command: ['/bin/bash', '-c', 'bash /workspaces/EcomPipiline/dags/scripts/pipeline.sh ']
[2025-08-24T12:27:47.208+0000] {subprocess.py:86} INFO - Output:
[2025-08-24T12:27:47.211+0000] {subprocess.py:93} INFO - bash: /workspaces/EcomPipiline/dags/scripts/pipeline.sh: No such file or directory
[2025-08-24T12:27:47.212+0000] {subprocess.py:97} INFO - Command exited with return code 127
[2025-08-24T12:27:47.223+0000] {taskinstance.py:1937} ERROR - Task failed with exception
Traceback (most recent call last):
  File "/home/airflow/.local/lib/python3.8/site-packages/airflow/operators/bash.py", line 210, in execute
    raise AirflowException(
airflow.exceptions.AirflowException: Bash command failed. The command returned a non-zero exit code 127.
[2025-08-24T12:27:47.225+0000] {taskinstance.py:1400} INFO - Marking task as FAILED. dag_id=pipeline_scheduler, task_id=run_pipeline_script, execution_date=20250824T122244, start_date=20250824T122747, end_date=20250824T122747
[2025-08-24T12:27:47.233+0000] {standard_task_runner.py:104} ERROR - Failed to execute job 168 for task run_pipeline_script (Bash command failed. The command returned a non-zero exit code 127.; 126)
[2025-08-24T12:27:47.269+0000] {local_task_job_runner.py:228} INFO - Task exited with return code 1
[2025-08-24T12:27:47.283+0000] {taskinstance.py:2778} INFO - 0 downstream tasks scheduled from follow-on schedule check
