[2025-08-24T11:33:59.659+0000] {taskinstance.py:1159} INFO - Dependencies all met for dep_context=non-requeueable deps ti=<TaskInstance: pipeline_scheduler.run_pipeline_script manual__2025-08-24T11:28:57.537002+00:00 [queued]>
[2025-08-24T11:33:59.672+0000] {taskinstance.py:1159} INFO - Dependencies all met for dep_context=requeueable deps ti=<TaskInstance: pipeline_scheduler.run_pipeline_script manual__2025-08-24T11:28:57.537002+00:00 [queued]>
[2025-08-24T11:33:59.672+0000] {taskinstance.py:1361} INFO - Starting attempt 2 of 2
[2025-08-24T11:33:59.688+0000] {taskinstance.py:1382} INFO - Executing <Task(BashOperator): run_pipeline_script> on 2025-08-24 11:28:57.537002+00:00
[2025-08-24T11:33:59.693+0000] {standard_task_runner.py:57} INFO - Started process 78 to run task
[2025-08-24T11:33:59.698+0000] {standard_task_runner.py:84} INFO - Running: ['***', 'tasks', 'run', 'pipeline_scheduler', 'run_pipeline_script', 'manual__2025-08-24T11:28:57.537002+00:00', '--job-id', '149', '--raw', '--subdir', 'DAGS_FOLDER/pipeline_dag.py', '--cfg-path', '/tmp/tmp8io2wn9d']
[2025-08-24T11:33:59.699+0000] {standard_task_runner.py:85} INFO - Job 149: Subtask run_pipeline_script
[2025-08-24T11:33:59.761+0000] {task_command.py:416} INFO - Running <TaskInstance: pipeline_scheduler.run_pipeline_script manual__2025-08-24T11:28:57.537002+00:00 [running]> on host 88d490cfafa3
[2025-08-24T11:33:59.853+0000] {taskinstance.py:1662} INFO - Exporting env vars: AIRFLOW_CTX_DAG_OWNER='oussama' AIRFLOW_CTX_DAG_ID='pipeline_scheduler' AIRFLOW_CTX_TASK_ID='run_pipeline_script' AIRFLOW_CTX_EXECUTION_DATE='2025-08-24T11:28:57.537002+00:00' AIRFLOW_CTX_TRY_NUMBER='2' AIRFLOW_CTX_DAG_RUN_ID='manual__2025-08-24T11:28:57.537002+00:00'
[2025-08-24T11:33:59.856+0000] {subprocess.py:63} INFO - Tmp dir root location: /tmp
[2025-08-24T11:33:59.857+0000] {subprocess.py:75} INFO - Running command: ['/bin/bash', '-c', 'bash /workspaces/EcomPipiline/dags/scripts/pipeline.sh ']
[2025-08-24T11:33:59.871+0000] {subprocess.py:86} INFO - Output:
[2025-08-24T11:33:59.875+0000] {subprocess.py:93} INFO - bash: /workspaces/EcomPipiline/dags/scripts/pipeline.sh: No such file or directory
[2025-08-24T11:33:59.876+0000] {subprocess.py:97} INFO - Command exited with return code 127
[2025-08-24T11:33:59.894+0000] {taskinstance.py:1937} ERROR - Task failed with exception
Traceback (most recent call last):
  File "/home/airflow/.local/lib/python3.8/site-packages/airflow/operators/bash.py", line 210, in execute
    raise AirflowException(
airflow.exceptions.AirflowException: Bash command failed. The command returned a non-zero exit code 127.
[2025-08-24T11:33:59.904+0000] {taskinstance.py:1400} INFO - Marking task as FAILED. dag_id=pipeline_scheduler, task_id=run_pipeline_script, execution_date=20250824T112857, start_date=20250824T113359, end_date=20250824T113359
[2025-08-24T11:33:59.918+0000] {standard_task_runner.py:104} ERROR - Failed to execute job 149 for task run_pipeline_script (Bash command failed. The command returned a non-zero exit code 127.; 78)
[2025-08-24T11:33:59.951+0000] {local_task_job_runner.py:228} INFO - Task exited with return code 1
[2025-08-24T11:33:59.971+0000] {taskinstance.py:2778} INFO - 0 downstream tasks scheduled from follow-on schedule check
