[2025-08-25T00:42:00.591+0000] {taskinstance.py:1159} INFO - Dependencies all met for dep_context=non-requeueable deps ti=<TaskInstance: ecommerce_health_check.check_disk_space scheduled__2025-08-25T00:00:00+00:00 [queued]>
[2025-08-25T00:42:00.613+0000] {taskinstance.py:1159} INFO - Dependencies all met for dep_context=requeueable deps ti=<TaskInstance: ecommerce_health_check.check_disk_space scheduled__2025-08-25T00:00:00+00:00 [queued]>
[2025-08-25T00:42:00.614+0000] {taskinstance.py:1361} INFO - Starting attempt 2 of 2
[2025-08-25T00:42:00.637+0000] {taskinstance.py:1382} INFO - Executing <Task(BashOperator): check_disk_space> on 2025-08-25 00:00:00+00:00
[2025-08-25T00:42:00.656+0000] {standard_task_runner.py:57} INFO - Started process 150 to run task
[2025-08-25T00:42:00.665+0000] {standard_task_runner.py:84} INFO - Running: ['***', 'tasks', 'run', 'ecommerce_health_check', 'check_disk_space', 'scheduled__2025-08-25T00:00:00+00:00', '--job-id', '250', '--raw', '--subdir', 'DAGS_FOLDER/health_check_dag.py', '--cfg-path', '/tmp/tmp1hqei5wa']
[2025-08-25T00:42:00.668+0000] {standard_task_runner.py:85} INFO - Job 250: Subtask check_disk_space
[2025-08-25T00:42:00.853+0000] {task_command.py:416} INFO - Running <TaskInstance: ecommerce_health_check.check_disk_space scheduled__2025-08-25T00:00:00+00:00 [running]> on host 88d490cfafa3
[2025-08-25T00:42:01.097+0000] {taskinstance.py:1662} INFO - Exporting env vars: AIRFLOW_CTX_DAG_OWNER='ecommerce-team' AIRFLOW_CTX_DAG_ID='ecommerce_health_check' AIRFLOW_CTX_TASK_ID='check_disk_space' AIRFLOW_CTX_EXECUTION_DATE='2025-08-25T00:00:00+00:00' AIRFLOW_CTX_TRY_NUMBER='2' AIRFLOW_CTX_DAG_RUN_ID='scheduled__2025-08-25T00:00:00+00:00'
[2025-08-25T00:42:01.100+0000] {subprocess.py:63} INFO - Tmp dir root location: /tmp
[2025-08-25T00:42:01.101+0000] {subprocess.py:75} INFO - Running command: ['/bin/bash', '-c', '\n    echo "💾 Disk Space Check"\n    echo "=================="\n    \n    # Check available disk space\n    df -h | grep -E "(Filesystem|/dev/)" | head -2\n    \n    # Check Docker volumes\n    echo ""\n    echo "🐳 Docker Volume Usage:"\n    docker system df\n    \n    # Check specific directories\n    echo ""\n    echo "📁 Project Directory Usage:"\n    du -sh ./data ./logs ./models 2>/dev/null || echo "Some directories not found"\n    \n    # Alert if disk space is low (less than 1GB free)\n    AVAILABLE_KB=$(df . | tail -1 | awk \'{print $4}\')\n    AVAILABLE_GB=$((AVAILABLE_KB / 1024 / 1024))\n    \n    if [[ $AVAILABLE_GB -lt 1 ]]; then\n        echo "⚠️  WARNING: Low disk space - ${AVAILABLE_GB}GB available"\n    else\n        echo "✅ Disk space OK - ${AVAILABLE_GB}GB available"\n    fi\n    ']
[2025-08-25T00:42:01.142+0000] {subprocess.py:86} INFO - Output:
[2025-08-25T00:42:01.148+0000] {subprocess.py:93} INFO - 💾 Disk Space Check
[2025-08-25T00:42:01.148+0000] {subprocess.py:93} INFO - ==================
[2025-08-25T00:42:01.207+0000] {subprocess.py:93} INFO - Filesystem      Size  Used Avail Use% Mounted on
[2025-08-25T00:42:01.207+0000] {subprocess.py:93} INFO - shm              64M   64K   64M   1% /dev/shm
[2025-08-25T00:42:01.208+0000] {subprocess.py:93} INFO - 
[2025-08-25T00:42:01.209+0000] {subprocess.py:93} INFO - 🐳 Docker Volume Usage:
[2025-08-25T00:42:01.253+0000] {subprocess.py:93} INFO - Cannot connect to the Docker daemon at unix:///var/run/docker.sock. Is the docker daemon running?
[2025-08-25T00:42:01.256+0000] {subprocess.py:93} INFO - 
[2025-08-25T00:42:01.258+0000] {subprocess.py:93} INFO - 📁 Project Directory Usage:
[2025-08-25T00:42:01.263+0000] {subprocess.py:93} INFO - Some directories not found
[2025-08-25T00:42:01.272+0000] {subprocess.py:93} INFO - ✅ Disk space OK - 4GB available
[2025-08-25T00:42:01.273+0000] {subprocess.py:97} INFO - Command exited with return code 0
[2025-08-25T00:42:01.316+0000] {taskinstance.py:1400} INFO - Marking task as SUCCESS. dag_id=ecommerce_health_check, task_id=check_disk_space, execution_date=20250825T000000, start_date=20250825T004200, end_date=20250825T004201
[2025-08-25T00:42:01.365+0000] {local_task_job_runner.py:228} INFO - Task exited with return code 0
[2025-08-25T00:42:01.390+0000] {taskinstance.py:2778} INFO - 0 downstream tasks scheduled from follow-on schedule check
